<?xml version="1.0" encoding="UTF-8"?>
<!-- Generated by org.testng.reporters.JUnitReportReporter -->
<testsuite hostname="akshat2x-mobl3" failures="0" tests="1" name="stestamazon.AMZ_ST_17" time="24.676" errors="0" timestamp="2023-05-11T05:46:33 IST" skipped="0">
  <testcase classname="stestamazon.AMZ_ST_17" name="scenarios" time="24.676"/>
  <system-out/>
</testsuite> <!-- stestamazon.AMZ_ST_17 -->
