<?xml version="1.0" encoding="UTF-8"?>
<!-- Generated by org.testng.reporters.JUnitReportReporter -->
<testsuite hostname="akshat2x-mobl3" failures="0" tests="1" name="testngamzon.Four" time="0.001" errors="0" timestamp="2023-02-08T23:10:57 IST" skipped="0">
  <testcase classname="testngamzon.Four" name="add" time="0.001"/>
  <system-out/>
</testsuite> <!-- testngamzon.Four -->
