<?xml version="1.0" encoding="UTF-8"?>
<!-- Generated by org.testng.reporters.JUnitReportReporter -->
<testsuite hostname="akshat2x-mobl3" failures="0" tests="2" name="testng.CrossBrowser" time="45.549" errors="0" timestamp="2023-04-22T08:44:13 IST" skipped="0">
  <testcase classname="testng.CrossBrowser" name="first" time="26.949"/>
  <system-out/>
  <testcase classname="testng.CrossBrowser" name="first" time="18.600"/>
  <system-out/>
</testsuite> <!-- testng.CrossBrowser -->
