<?xml version="1.0" encoding="UTF-8"?>
<!-- Generated by org.testng.reporters.JUnitReportReporter -->
<testsuite hostname="akshat2x-mobl3" failures="0" tests="2" name="Parallel.Testing" time="0.023" errors="0" timestamp="2024-03-30T08:31:38 IST" skipped="0">
  <testcase classname="Parallel.Testing" name="emi" time="0.014"/>
  <system-out/>
  <testcase classname="Parallel.Testing" name="salary" time="0.009"/>
  <system-out/>
</testsuite> <!-- Parallel.Testing -->
