<?xml version="1.0" encoding="UTF-8"?>
<!-- Generated by org.testng.reporters.JUnitReportReporter -->
<testsuite hostname="akshat2x-mobl3" failures="0" tests="1" name="stestamazon.AMZ_ST_03" time="6.315" errors="0" timestamp="2023-04-18T07:19:47 IST" skipped="0">
  <testcase classname="stestamazon.AMZ_ST_03" name="scenarios" time="6.315"/>
  <system-out/>
</testsuite> <!-- stestamazon.AMZ_ST_03 -->
