<?xml version="1.0" encoding="UTF-8"?>
<!-- Generated by org.testng.reporters.JUnitReportReporter -->
<testsuite hostname="akshat2x-mobl3" failures="0" tests="1" name="stestamazon.AMZ_ST_30" time="37.654" errors="0" timestamp="2023-08-15T16:21:59 IST" skipped="0">
  <testcase classname="stestamazon.AMZ_ST_30" name="scenarios" time="37.654"/>
  <system-out/>
</testsuite> <!-- stestamazon.AMZ_ST_30 -->
